Using pre-set license
Built from '2020.2/release' branch; Version is '2020.2.0f1 (3721df5a8b28) revision 3613151'; Using compiler version '192528614'; Build Type 'Release'
OS: 'Windows 10  (10.0.0) 64bit' Language: 'ko' Physical Memory: 16336 MB
BatchMode: 1, IsHumanControllingUs: 0, StartBugReporterOnCrash: 0, Is64bit: 1, IsPro: 0

 COMMAND LINE ARGUMENTS:
C:\Program Files\Unity\Hub\Editor\2020.2.0f1\Editor\Unity.exe
-adb2
-batchMode
-noUpm
-name
AssetImportWorker0
-projectPath
C:/Users/parkjongwoo/Desktop/Zombie Shooter VR - One Hour Challenge/Zombie Shooter VR - One Hour Challenge/Zombie VR - One Hour - AFTER
-logFile
Logs/AssetImportWorker0.log
-srvPort
50035
Successfully changed project path to: C:/Users/parkjongwoo/Desktop/Zombie Shooter VR - One Hour Challenge/Zombie Shooter VR - One Hour Challenge/Zombie VR - One Hour - AFTER
C:/Users/parkjongwoo/Desktop/Zombie Shooter VR - One Hour Challenge/Zombie Shooter VR - One Hour Challenge/Zombie VR - One Hour - AFTER
Using Asset Import Pipeline V2.
Refreshing native plugins compatible for Editor in 110.59 ms, found 10 plugins.
Preloading 2 native plugins for Editor in 2.84 ms.
Initialize engine version: 2020.2.0f1 (3721df5a8b28)
[Subsystems] Discovering subsystems at path C:/Program Files/Unity/Hub/Editor/2020.2.0f1/Editor/Data/Resources/UnitySubsystems
[Subsystems] Discovering subsystems at path C:/Users/parkjongwoo/Desktop/Zombie Shooter VR - One Hour Challenge/Zombie Shooter VR - One Hour Challenge/Zombie VR - One Hour - AFTER/Assets
GfxDevice: creating device client; threaded=0
Direct3D:
    Version:  Direct3D 11.0 [level 11.1]
    Renderer: NVIDIA GeForce GTX 1060 6GB (ID=0x1c03)
    Vendor:   
    VRAM:     6052 MB
    Driver:   27.21.14.5671
Shader 'Oculus/OVRMRCameraFrameLit': fallback shader 'Alpha-Diffuse' not found
Initialize mono
Mono path[0] = 'C:/Program Files/Unity/Hub/Editor/2020.2.0f1/Editor/Data/Managed'
Mono path[1] = 'C:/Program Files/Unity/Hub/Editor/2020.2.0f1/Editor/Data/MonoBleedingEdge/lib/mono/unityjit'
Mono config path = 'C:/Program Files/Unity/Hub/Editor/2020.2.0f1/Editor/Data/MonoBleedingEdge/etc'
Using monoOptions --debugger-agent=transport=dt_socket,embedding=1,server=y,suspend=n,address=127.0.0.1:56800
Begin MonoManager ReloadAssembly
Registering precompiled unity dll's ...
Register platform support module: C:/Program Files/Unity/Hub/Editor/2020.2.0f1/Editor/Data/PlaybackEngines/WebGLSupport/UnityEditor.WebGL.Extensions.dll
Register platform support module: C:/Program Files/Unity/Hub/Editor/2020.2.0f1/Editor/Data/PlaybackEngines/WindowsStandaloneSupport/UnityEditor.WindowsStandalone.Extensions.dll
Registered in 0.004389 seconds.
Native extension for WindowsStandalone target not found
Native extension for WebGL target not found
Refreshing native plugins compatible for Editor in 73.80 ms, found 10 plugins.
Preloading 2 native plugins for Editor in 0.22 ms.
Invoked RoslynAnalysisRunner static constructor.
RoslynAnalysisRunner will not be running.
RoslynAnalysisRunner has terminated.
Mono: successfully reloaded assembly
- Completed reload, in  2.718 seconds
Platform modules already initialized, skipping
Registering precompiled user dll's ...
Registered in 0.013759 seconds.
Begin MonoManager ReloadAssembly
Native extension for WindowsStandalone target not found
Native extension for WebGL target not found
Refreshing native plugins compatible for Editor in 1.14 ms, found 10 plugins.
Preloading 2 native plugins for Editor in 0.24 ms.
Invoked RoslynAnalysisRunner static constructor.
RoslynAnalysisRunner will not be running.
RoslynAnalysisRunner has terminated.
[XR] OculusXRPlugin: registering subsystems
[XR] Unable to register display lifecyle provider: [1]
[XR] Oculus Input lifecycle provider registered.
[XR] Unable to register input lifecyle provider: [1]
[XR] OVRP version 1.52.1
Mono: successfully reloaded assembly
- Completed reload, in  1.285 seconds
Platform modules already initialized, skipping
========================================================================
Worker process is ready to serve import requests
Shader 'Oculus/OVRMRCameraFrameLit': fallback shader 'Alpha-Diffuse' not found
Launched and connected shader compiler UnityShaderCompiler.exe after 0.06 seconds
Refreshing native plugins compatible for Editor in 0.98 ms, found 10 plugins.
Preloading 2 native plugins for Editor in 0.22 ms.
Unloading 2392 Unused Serialized files (Serialized files now loaded: 0)
System memory in use before: 131.7 MB.
System memory in use after: 131.9 MB.

Unloading 125 unused Assets to reduce memory usage. Loaded Objects now: 2838.
Total: 2.968800 ms (FindLiveObjects: 0.353500 ms CreateObjectMapping: 0.092300 ms MarkObjects: 2.239900 ms  DeleteObjects: 0.281300 ms)

========================================================================
Received Import Request.
  path: Assets/Scenes/AccountRegistration.unity
  artifactKey: Guid(0324dcd39d08c364ea75433d35d24434) Importer(815301076,1909f56bfc062723c751e8b465ee728b)
Start importing Assets/Scenes/AccountRegistration.unity using Guid(0324dcd39d08c364ea75433d35d24434) Importer(815301076,1909f56bfc062723c751e8b465ee728b)  -> (artifact id: 'e8807a1cf9da07b798884ee5eb187015') in 0.015502 seconds
  Import took 0.019365 seconds .

========================================================================
Received Import Request.
  Time since last request: 0.000247 seconds.
  path: Assets/Scenes/AccountLogout.unity
  artifactKey: Guid(3b6a8111c48278e449873cb20225e4f6) Importer(815301076,1909f56bfc062723c751e8b465ee728b)
Start importing Assets/Scenes/AccountLogout.unity using Guid(3b6a8111c48278e449873cb20225e4f6) Importer(815301076,1909f56bfc062723c751e8b465ee728b)  -> (artifact id: 'd1abe9c69b000df2b19328c08b1319b1') in 0.010528 seconds
  Import took 0.014103 seconds .

========================================================================
Received Import Request.
  Time since last request: 0.000246 seconds.
  path: Assets/Scenes/AccountLogin.unity
  artifactKey: Guid(5c9d438be13993e459498d0d0ca2c951) Importer(815301076,1909f56bfc062723c751e8b465ee728b)
Start importing Assets/Scenes/AccountLogin.unity using Guid(5c9d438be13993e459498d0d0ca2c951) Importer(815301076,1909f56bfc062723c751e8b465ee728b)  -> (artifact id: '54755e0397cc1c3970998fc6dd4973a6') in 0.011687 seconds
  Import took 0.015174 seconds .

========================================================================
Received Import Request.
  Time since last request: 0.015332 seconds.
  path: Assets/Scenes/AccountLogin.unity
  artifactKey: Guid(5c9d438be13993e459498d0d0ca2c951) Importer(815301076,1909f56bfc062723c751e8b465ee728b)
Start importing Assets/Scenes/AccountLogin.unity using Guid(5c9d438be13993e459498d0d0ca2c951) Importer(815301076,1909f56bfc062723c751e8b465ee728b)  -> (artifact id: '54755e0397cc1c3970998fc6dd4973a6') in 0.005374 seconds
  Import took 0.009292 seconds .

========================================================================
Received Import Request.
  Time since last request: 112.012272 seconds.
  path: Assets/Scenes/AccountLogin.unity
  artifactKey: Guid(5c9d438be13993e459498d0d0ca2c951) Importer(815301076,1909f56bfc062723c751e8b465ee728b)
Start importing Assets/Scenes/AccountLogin.unity using Guid(5c9d438be13993e459498d0d0ca2c951) Importer(815301076,1909f56bfc062723c751e8b465ee728b)  -> (artifact id: 'b4e49a412b346d6b8ac9785003b5a704') in 0.005767 seconds
  Import took 0.009873 seconds .

========================================================================
Received Prepare
Registering precompiled user dll's ...
Registered in 0.016037 seconds.
Begin MonoManager ReloadAssembly
Native extension for WindowsStandalone target not found
Native extension for WebGL target not found
Refreshing native plugins compatible for Editor in 1.18 ms, found 10 plugins.
Preloading 2 native plugins for Editor in 0.29 ms.
Invoked RoslynAnalysisRunner static constructor.
RoslynAnalysisRunner will not be running.
RoslynAnalysisRunner has terminated.
Mono: successfully reloaded assembly
- Completed reload, in  1.411 seconds
Platform modules already initialized, skipping
Shader 'Oculus/OVRMRCameraFrameLit': fallback shader 'Alpha-Diffuse' not found
Refreshing native plugins compatible for Editor in 1.13 ms, found 10 plugins.
Preloading 2 native plugins for Editor in 0.30 ms.
Unloading 2250 Unused Serialized files (Serialized files now loaded: 0)
System memory in use before: 123.5 MB.
System memory in use after: 123.7 MB.

Unloading 120 unused Assets to reduce memory usage. Loaded Objects now: 2841.
Total: 3.454000 ms (FindLiveObjects: 0.320400 ms CreateObjectMapping: 0.070600 ms MarkObjects: 2.780200 ms  DeleteObjects: 0.281000 ms)

========================================================================
Received Import Request.
  Time since last request: 62.500243 seconds.
  path: Assets/Scripts/Web/UnityLoginLogoutRegister.cs
  artifactKey: Guid(c63033d7c1e56354bb42ce10f1e98948) Importer(815301076,1909f56bfc062723c751e8b465ee728b)
Start importing Assets/Scripts/Web/UnityLoginLogoutRegister.cs using Guid(c63033d7c1e56354bb42ce10f1e98948) Importer(815301076,1909f56bfc062723c751e8b465ee728b)  -> (artifact id: '434ead8f789e421e3c7844d0c49c2e54') in 0.040268 seconds
  Import took 0.044341 seconds .

========================================================================
Received Import Request.
  Time since last request: 0.000942 seconds.
  path: Assets/Scripts/Web/UnityLoginLogoutRegister.cs
  artifactKey: Guid(c63033d7c1e56354bb42ce10f1e98948) Importer(815301076,1909f56bfc062723c751e8b465ee728b)
Start importing Assets/Scripts/Web/UnityLoginLogoutRegister.cs using Guid(c63033d7c1e56354bb42ce10f1e98948) Importer(815301076,1909f56bfc062723c751e8b465ee728b)  -> (artifact id: '434ead8f789e421e3c7844d0c49c2e54') in 0.005230 seconds
  Import took 0.008680 seconds .

========================================================================
Received Prepare
Registering precompiled user dll's ...
Registered in 0.023591 seconds.
Begin MonoManager ReloadAssembly
Native extension for WindowsStandalone target not found
Native extension for WebGL target not found
Refreshing native plugins compatible for Editor in 1.10 ms, found 10 plugins.
Preloading 2 native plugins for Editor in 0.23 ms.
Invoked RoslynAnalysisRunner static constructor.
RoslynAnalysisRunner will not be running.
RoslynAnalysisRunner has terminated.
Mono: successfully reloaded assembly
- Completed reload, in  1.309 seconds
Platform modules already initialized, skipping
Shader 'Oculus/OVRMRCameraFrameLit': fallback shader 'Alpha-Diffuse' not found
Refreshing native plugins compatible for Editor in 1.05 ms, found 10 plugins.
Preloading 2 native plugins for Editor in 0.22 ms.
Unloading 2250 Unused Serialized files (Serialized files now loaded: 0)
System memory in use before: 123.6 MB.
System memory in use after: 123.8 MB.

Unloading 120 unused Assets to reduce memory usage. Loaded Objects now: 2844.
Total: 2.698700 ms (FindLiveObjects: 0.316000 ms CreateObjectMapping: 0.068200 ms MarkObjects: 2.113400 ms  DeleteObjects: 0.200200 ms)

========================================================================
Received Import Request.
  Time since last request: 252.172743 seconds.
  path: Assets/Scripts/ZombieLand/Zombie.cs
  artifactKey: Guid(5024d4ca470391440a1b381a1a6ac38d) Importer(815301076,1909f56bfc062723c751e8b465ee728b)
Start importing Assets/Scripts/ZombieLand/Zombie.cs using Guid(5024d4ca470391440a1b381a1a6ac38d) Importer(815301076,1909f56bfc062723c751e8b465ee728b)  -> (artifact id: 'b5eb76f07e0c8a856e2a62f85a41866d') in 0.015500 seconds
  Import took 0.020148 seconds .

========================================================================
Received Import Request.
  Time since last request: 0.002688 seconds.
  path: Assets/Scripts/ZombieLand/Zombie.cs
  artifactKey: Guid(5024d4ca470391440a1b381a1a6ac38d) Importer(815301076,1909f56bfc062723c751e8b465ee728b)
Start importing Assets/Scripts/ZombieLand/Zombie.cs using Guid(5024d4ca470391440a1b381a1a6ac38d) Importer(815301076,1909f56bfc062723c751e8b465ee728b)  -> (artifact id: 'b5eb76f07e0c8a856e2a62f85a41866d') in 0.005296 seconds
  Import took 0.009225 seconds .

========================================================================
Received Prepare
Registering precompiled user dll's ...
Registered in 0.425369 seconds.
Begin MonoManager ReloadAssembly
Native extension for WindowsStandalone target not found
Native extension for WebGL target not found
Refreshing native plugins compatible for Editor in 1.11 ms, found 10 plugins.
Preloading 2 native plugins for Editor in 0.28 ms.
Invoked RoslynAnalysisRunner static constructor.
RoslynAnalysisRunner will not be running.
RoslynAnalysisRunner has terminated.
Mono: successfully reloaded assembly
- Completed reload, in  1.175 seconds
Platform modules already initialized, skipping
Shader 'Oculus/OVRMRCameraFrameLit': fallback shader 'Alpha-Diffuse' not found
Refreshing native plugins compatible for Editor in 1.09 ms, found 10 plugins.
Preloading 2 native plugins for Editor in 0.22 ms.
Unloading 2250 Unused Serialized files (Serialized files now loaded: 0)
System memory in use before: 123.6 MB.
System memory in use after: 123.8 MB.

Unloading 120 unused Assets to reduce memory usage. Loaded Objects now: 2847.
Total: 2.805000 ms (FindLiveObjects: 0.326900 ms CreateObjectMapping: 0.067800 ms MarkObjects: 2.201800 ms  DeleteObjects: 0.207400 ms)

========================================================================
Received Import Request.
  Time since last request: 53.404446 seconds.
  path: Assets/Scripts/ZombieLand/Zombie.cs
  artifactKey: Guid(5024d4ca470391440a1b381a1a6ac38d) Importer(815301076,1909f56bfc062723c751e8b465ee728b)
Start importing Assets/Scripts/ZombieLand/Zombie.cs using Guid(5024d4ca470391440a1b381a1a6ac38d) Importer(815301076,1909f56bfc062723c751e8b465ee728b)  -> (artifact id: '47d9926d5585c2c5829a5608fd000f0a') in 0.013007 seconds
  Import took 0.016886 seconds .

========================================================================
Received Prepare
Registering precompiled user dll's ...
Registered in 0.015294 seconds.
Begin MonoManager ReloadAssembly
Native extension for WindowsStandalone target not found
Native extension for WebGL target not found
Refreshing native plugins compatible for Editor in 1.05 ms, found 10 plugins.
Preloading 2 native plugins for Editor in 0.23 ms.
Invoked RoslynAnalysisRunner static constructor.
RoslynAnalysisRunner will not be running.
RoslynAnalysisRunner has terminated.
Mono: successfully reloaded assembly
- Completed reload, in  1.201 seconds
Platform modules already initialized, skipping
Shader 'Oculus/OVRMRCameraFrameLit': fallback shader 'Alpha-Diffuse' not found
Refreshing native plugins compatible for Editor in 1.09 ms, found 10 plugins.
Preloading 2 native plugins for Editor in 0.22 ms.
Unloading 2250 Unused Serialized files (Serialized files now loaded: 0)
System memory in use before: 123.6 MB.
System memory in use after: 123.8 MB.

Unloading 120 unused Assets to reduce memory usage. Loaded Objects now: 2850.
Total: 2.878400 ms (FindLiveObjects: 0.310600 ms CreateObjectMapping: 0.066900 ms MarkObjects: 2.291400 ms  DeleteObjects: 0.208500 ms)

========================================================================
Received Import Request.
  Time since last request: 395.936368 seconds.
  path: Assets/Scripts/Web/UnityLoginLogoutRegister.cs
  artifactKey: Guid(c63033d7c1e56354bb42ce10f1e98948) Importer(815301076,1909f56bfc062723c751e8b465ee728b)
Start importing Assets/Scripts/Web/UnityLoginLogoutRegister.cs using Guid(c63033d7c1e56354bb42ce10f1e98948) Importer(815301076,1909f56bfc062723c751e8b465ee728b)  -> (artifact id: 'eea6614b8ef87a7e16879c489a256851') in 0.013427 seconds
  Import took 0.017383 seconds .

========================================================================
Received Prepare
Registering precompiled user dll's ...
Registered in 0.013826 seconds.
Begin MonoManager ReloadAssembly
Native extension for WindowsStandalone target not found
Native extension for WebGL target not found
Refreshing native plugins compatible for Editor in 1.15 ms, found 10 plugins.
Preloading 2 native plugins for Editor in 0.27 ms.
Invoked RoslynAnalysisRunner static constructor.
RoslynAnalysisRunner will not be running.
RoslynAnalysisRunner has terminated.
Mono: successfully reloaded assembly
- Completed reload, in  1.216 seconds
Platform modules already initialized, skipping
Shader 'Oculus/OVRMRCameraFrameLit': fallback shader 'Alpha-Diffuse' not found
Refreshing native plugins compatible for Editor in 1.23 ms, found 10 plugins.
Preloading 2 native plugins for Editor in 0.32 ms.
Unloading 2250 Unused Serialized files (Serialized files now loaded: 0)
System memory in use before: 123.5 MB.
System memory in use after: 123.7 MB.

Unloading 120 unused Assets to reduce memory usage. Loaded Objects now: 2853.
Total: 3.035200 ms (FindLiveObjects: 0.322500 ms CreateObjectMapping: 0.071500 ms MarkObjects: 2.399500 ms  DeleteObjects: 0.240300 ms)

========================================================================
Received Prepare
Registering precompiled user dll's ...
Registered in 0.014810 seconds.
Begin MonoManager ReloadAssembly
Native extension for WindowsStandalone target not found
Native extension for WebGL target not found
Refreshing native plugins compatible for Editor in 1.09 ms, found 10 plugins.
Preloading 2 native plugins for Editor in 0.27 ms.
Invoked RoslynAnalysisRunner static constructor.
RoslynAnalysisRunner will not be running.
RoslynAnalysisRunner has terminated.
Mono: successfully reloaded assembly
- Completed reload, in  1.208 seconds
Platform modules already initialized, skipping
Shader 'Oculus/OVRMRCameraFrameLit': fallback shader 'Alpha-Diffuse' not found
Refreshing native plugins compatible for Editor in 1.08 ms, found 10 plugins.
Preloading 2 native plugins for Editor in 0.23 ms.
Unloading 2250 Unused Serialized files (Serialized files now loaded: 0)
System memory in use before: 123.5 MB.
System memory in use after: 123.7 MB.

Unloading 120 unused Assets to reduce memory usage. Loaded Objects now: 2856.
Total: 3.616300 ms (FindLiveObjects: 0.315700 ms CreateObjectMapping: 0.068400 ms MarkObjects: 3.010200 ms  DeleteObjects: 0.220800 ms)

========================================================================
Received Prepare
Registering precompiled user dll's ...
Registered in 0.014967 seconds.
Begin MonoManager ReloadAssembly
Native extension for WindowsStandalone target not found
Native extension for WebGL target not found
Refreshing native plugins compatible for Editor in 1.09 ms, found 10 plugins.
Preloading 2 native plugins for Editor in 0.30 ms.
Invoked RoslynAnalysisRunner static constructor.
RoslynAnalysisRunner will not be running.
RoslynAnalysisRunner has terminated.
Mono: successfully reloaded assembly
- Completed reload, in  1.265 seconds
Platform modules already initialized, skipping
Shader 'Oculus/OVRMRCameraFrameLit': fallback shader 'Alpha-Diffuse' not found
Refreshing native plugins compatible for Editor in 1.16 ms, found 10 plugins.
Preloading 2 native plugins for Editor in 0.28 ms.
Unloading 2250 Unused Serialized files (Serialized files now loaded: 0)
System memory in use before: 123.5 MB.
System memory in use after: 123.7 MB.

Unloading 120 unused Assets to reduce memory usage. Loaded Objects now: 2859.
Total: 3.597200 ms (FindLiveObjects: 0.380300 ms CreateObjectMapping: 0.073800 ms MarkObjects: 2.905800 ms  DeleteObjects: 0.235400 ms)

========================================================================
Received Prepare
Registering precompiled user dll's ...
Registered in 0.014619 seconds.
Begin MonoManager ReloadAssembly
Native extension for WindowsStandalone target not found
Native extension for WebGL target not found
Refreshing native plugins compatible for Editor in 1.17 ms, found 10 plugins.
Preloading 2 native plugins for Editor in 0.26 ms.
Invoked RoslynAnalysisRunner static constructor.
RoslynAnalysisRunner will not be running.
RoslynAnalysisRunner has terminated.
Mono: successfully reloaded assembly
- Completed reload, in  1.206 seconds
Platform modules already initialized, skipping
Shader 'Oculus/OVRMRCameraFrameLit': fallback shader 'Alpha-Diffuse' not found
Refreshing native plugins compatible for Editor in 1.05 ms, found 10 plugins.
Preloading 2 native plugins for Editor in 0.22 ms.
Unloading 2250 Unused Serialized files (Serialized files now loaded: 0)
System memory in use before: 123.5 MB.
System memory in use after: 123.7 MB.

Unloading 120 unused Assets to reduce memory usage. Loaded Objects now: 2862.
Total: 2.748100 ms (FindLiveObjects: 0.307600 ms CreateObjectMapping: 0.066200 ms MarkObjects: 2.158400 ms  DeleteObjects: 0.215000 ms)

========================================================================
Received Import Request.
  Time since last request: 715.228908 seconds.
  path: Assets/Scenes/AccountLogin.unity
  artifactKey: Guid(5c9d438be13993e459498d0d0ca2c951) Importer(815301076,1909f56bfc062723c751e8b465ee728b)
Start importing Assets/Scenes/AccountLogin.unity using Guid(5c9d438be13993e459498d0d0ca2c951) Importer(815301076,1909f56bfc062723c751e8b465ee728b)  -> (artifact id: 'd73de1874dea99efdee54d4ee84cac25') in 0.015088 seconds
  Import took 0.019231 seconds .

========================================================================
Received Import Request.
  Time since last request: 40.272559 seconds.
  path: Assets/Scenes/AccountLogin.unity
  artifactKey: Guid(5c9d438be13993e459498d0d0ca2c951) Importer(815301076,1909f56bfc062723c751e8b465ee728b)
Start importing Assets/Scenes/AccountLogin.unity using Guid(5c9d438be13993e459498d0d0ca2c951) Importer(815301076,1909f56bfc062723c751e8b465ee728b)  -> (artifact id: '5b2274f824a8f03829b021cf7ecf85b8') in 0.006369 seconds
  Import took 0.010514 seconds .

========================================================================
Received Prepare
Registering precompiled user dll's ...
Registered in 0.015166 seconds.
Begin MonoManager ReloadAssembly
Native extension for WindowsStandalone target not found
Native extension for WebGL target not found
Refreshing native plugins compatible for Editor in 1.11 ms, found 10 plugins.
Preloading 2 native plugins for Editor in 0.27 ms.
Invoked RoslynAnalysisRunner static constructor.
RoslynAnalysisRunner will not be running.
RoslynAnalysisRunner has terminated.
Mono: successfully reloaded assembly
- Completed reload, in  1.212 seconds
Platform modules already initialized, skipping
Shader 'Oculus/OVRMRCameraFrameLit': fallback shader 'Alpha-Diffuse' not found
Refreshing native plugins compatible for Editor in 1.12 ms, found 10 plugins.
Preloading 2 native plugins for Editor in 0.27 ms.
Unloading 2250 Unused Serialized files (Serialized files now loaded: 0)
System memory in use before: 123.6 MB.
System memory in use after: 123.7 MB.

Unloading 120 unused Assets to reduce memory usage. Loaded Objects now: 2865.
Total: 2.931000 ms (FindLiveObjects: 0.348500 ms CreateObjectMapping: 0.069500 ms MarkObjects: 2.286500 ms  DeleteObjects: 0.225100 ms)

========================================================================
Received Prepare
Registering precompiled user dll's ...
Registered in 0.013604 seconds.
Begin MonoManager ReloadAssembly
Native extension for WindowsStandalone target not found
Native extension for WebGL target not found
Refreshing native plugins compatible for Editor in 1.12 ms, found 10 plugins.
Preloading 2 native plugins for Editor in 0.23 ms.
Invoked RoslynAnalysisRunner static constructor.
RoslynAnalysisRunner will not be running.
RoslynAnalysisRunner has terminated.
Mono: successfully reloaded assembly
- Completed reload, in  1.195 seconds
Platform modules already initialized, skipping
Shader 'Oculus/OVRMRCameraFrameLit': fallback shader 'Alpha-Diffuse' not found
Refreshing native plugins compatible for Editor in 1.10 ms, found 10 plugins.
Preloading 2 native plugins for Editor in 0.28 ms.
Unloading 2250 Unused Serialized files (Serialized files now loaded: 0)
System memory in use before: 123.5 MB.
System memory in use after: 123.6 MB.

Unloading 120 unused Assets to reduce memory usage. Loaded Objects now: 2868.
Total: 3.063900 ms (FindLiveObjects: 0.339000 ms CreateObjectMapping: 0.069500 ms MarkObjects: 2.427000 ms  DeleteObjects: 0.227100 ms)

========================================================================
Received Import Request.
  Time since last request: 128.521509 seconds.
  path: Assets/Scenes/AccountLogin.unity
  artifactKey: Guid(5c9d438be13993e459498d0d0ca2c951) Importer(815301076,1909f56bfc062723c751e8b465ee728b)
Start importing Assets/Scenes/AccountLogin.unity using Guid(5c9d438be13993e459498d0d0ca2c951) Importer(815301076,1909f56bfc062723c751e8b465ee728b)  -> (artifact id: '28b8f30f6b6d0bc3c81182257c56f077') in 0.011265 seconds
  Import took 0.015294 seconds .

========================================================================
Received Prepare
Registering precompiled user dll's ...
Registered in 0.015032 seconds.
Begin MonoManager ReloadAssembly
Native extension for WindowsStandalone target not found
Native extension for WebGL target not found
Refreshing native plugins compatible for Editor in 1.05 ms, found 10 plugins.
Preloading 2 native plugins for Editor in 0.23 ms.
Invoked RoslynAnalysisRunner static constructor.
RoslynAnalysisRunner will not be running.
RoslynAnalysisRunner has terminated.
Mono: successfully reloaded assembly
- Completed reload, in  1.206 seconds
Platform modules already initialized, skipping
Shader 'Oculus/OVRMRCameraFrameLit': fallback shader 'Alpha-Diffuse' not found
Refreshing native plugins compatible for Editor in 1.06 ms, found 10 plugins.
Preloading 2 native plugins for Editor in 0.22 ms.
Unloading 2250 Unused Serialized files (Serialized files now loaded: 0)
System memory in use before: 123.6 MB.
System memory in use after: 123.7 MB.

Unloading 120 unused Assets to reduce memory usage. Loaded Objects now: 2871.
Total: 3.365700 ms (FindLiveObjects: 0.310100 ms CreateObjectMapping: 0.070500 ms MarkObjects: 2.700700 ms  DeleteObjects: 0.283000 ms)

========================================================================
Received Import Request.
  Time since last request: 58.914124 seconds.
  path: Assets/Scenes/AccountLogin.unity
  artifactKey: Guid(5c9d438be13993e459498d0d0ca2c951) Importer(815301076,1909f56bfc062723c751e8b465ee728b)
Start importing Assets/Scenes/AccountLogin.unity using Guid(5c9d438be13993e459498d0d0ca2c951) Importer(815301076,1909f56bfc062723c751e8b465ee728b)  -> (artifact id: 'f749242a1b5df2cbd671c922211e7b86') in 0.011967 seconds
  Import took 0.016408 seconds .

========================================================================
Received Prepare
Registering precompiled user dll's ...
Registered in 0.014277 seconds.
Begin MonoManager ReloadAssembly
Native extension for WindowsStandalone target not found
Native extension for WebGL target not found
Refreshing native plugins compatible for Editor in 1.04 ms, found 10 plugins.
Preloading 2 native plugins for Editor in 0.22 ms.
Invoked RoslynAnalysisRunner static constructor.
RoslynAnalysisRunner will not be running.
RoslynAnalysisRunner has terminated.
Mono: successfully reloaded assembly
- Completed reload, in  1.228 seconds
Platform modules already initialized, skipping
Shader 'Oculus/OVRMRCameraFrameLit': fallback shader 'Alpha-Diffuse' not found
Refreshing native plugins compatible for Editor in 1.05 ms, found 10 plugins.
Preloading 2 native plugins for Editor in 0.24 ms.
Unloading 2250 Unused Serialized files (Serialized files now loaded: 0)
System memory in use before: 123.6 MB.
System memory in use after: 123.8 MB.

Unloading 120 unused Assets to reduce memory usage. Loaded Objects now: 2874.
Total: 2.850300 ms (FindLiveObjects: 0.320400 ms CreateObjectMapping: 0.068500 ms MarkObjects: 2.245300 ms  DeleteObjects: 0.215100 ms)

========================================================================
Received Import Request.
  Time since last request: 15.669631 seconds.
  path: Assets/Scenes/AccountLogin.unity
  artifactKey: Guid(5c9d438be13993e459498d0d0ca2c951) Importer(815301076,1909f56bfc062723c751e8b465ee728b)
Start importing Assets/Scenes/AccountLogin.unity using Guid(5c9d438be13993e459498d0d0ca2c951) Importer(815301076,1909f56bfc062723c751e8b465ee728b)  -> (artifact id: 'b72d842cb0884043b7d13583f425b959') in 0.011010 seconds
  Import took 0.015063 seconds .

========================================================================
Received Prepare
Registering precompiled user dll's ...
Registered in 0.013507 seconds.
Begin MonoManager ReloadAssembly
Native extension for WindowsStandalone target not found
Native extension for WebGL target not found
Refreshing native plugins compatible for Editor in 1.14 ms, found 10 plugins.
Preloading 2 native plugins for Editor in 0.23 ms.
Invoked RoslynAnalysisRunner static constructor.
RoslynAnalysisRunner will not be running.
RoslynAnalysisRunner has terminated.
Mono: successfully reloaded assembly
- Completed reload, in  1.206 seconds
Platform modules already initialized, skipping
Shader 'Oculus/OVRMRCameraFrameLit': fallback shader 'Alpha-Diffuse' not found
Refreshing native plugins compatible for Editor in 1.08 ms, found 10 plugins.
Preloading 2 native plugins for Editor in 0.24 ms.
Unloading 2250 Unused Serialized files (Serialized files now loaded: 0)
System memory in use before: 123.6 MB.
System memory in use after: 123.8 MB.

Unloading 120 unused Assets to reduce memory usage. Loaded Objects now: 2877.
Total: 3.055300 ms (FindLiveObjects: 0.334100 ms CreateObjectMapping: 0.070900 ms MarkObjects: 2.422400 ms  DeleteObjects: 0.226100 ms)

========================================================================
Received Import Request.
  Time since last request: 167.782024 seconds.
  path: Assets/Scenes/AccountLogin.unity
  artifactKey: Guid(5c9d438be13993e459498d0d0ca2c951) Importer(815301076,1909f56bfc062723c751e8b465ee728b)
Start importing Assets/Scenes/AccountLogin.unity using Guid(5c9d438be13993e459498d0d0ca2c951) Importer(815301076,1909f56bfc062723c751e8b465ee728b)  -> (artifact id: '24d68e70838eea6412f743a1aaf32247') in 0.011102 seconds
  Import took 0.015478 seconds .

========================================================================
Received Prepare
Registering precompiled user dll's ...
Registered in 0.015054 seconds.
Begin MonoManager ReloadAssembly
Native extension for WindowsStandalone target not found
Native extension for WebGL target not found
Refreshing native plugins compatible for Editor in 1.08 ms, found 10 plugins.
Preloading 2 native plugins for Editor in 0.24 ms.
Invoked RoslynAnalysisRunner static constructor.
RoslynAnalysisRunner will not be running.
RoslynAnalysisRunner has terminated.
Mono: successfully reloaded assembly
- Completed reload, in  1.270 seconds
Platform modules already initialized, skipping
Shader 'Oculus/OVRMRCameraFrameLit': fallback shader 'Alpha-Diffuse' not found
Refreshing native plugins compatible for Editor in 1.73 ms, found 10 plugins.
Preloading 2 native plugins for Editor in 0.37 ms.
Unloading 2250 Unused Serialized files (Serialized files now loaded: 0)
System memory in use before: 123.6 MB.
System memory in use after: 123.8 MB.

Unloading 120 unused Assets to reduce memory usage. Loaded Objects now: 2880.
Total: 4.491800 ms (FindLiveObjects: 0.503100 ms CreateObjectMapping: 0.085300 ms MarkObjects: 3.543400 ms  DeleteObjects: 0.358400 ms)

========================================================================
Received Prepare
Registering precompiled user dll's ...
Registered in 0.018564 seconds.
Begin MonoManager ReloadAssembly
Native extension for WindowsStandalone target not found
Native extension for WebGL target not found
Refreshing native plugins compatible for Editor in 1.31 ms, found 10 plugins.
Preloading 2 native plugins for Editor in 0.28 ms.
Invoked RoslynAnalysisRunner static constructor.
RoslynAnalysisRunner will not be running.
RoslynAnalysisRunner has terminated.
Mono: successfully reloaded assembly
- Completed reload, in  1.257 seconds
Platform modules already initialized, skipping
Shader 'Oculus/OVRMRCameraFrameLit': fallback shader 'Alpha-Diffuse' not found
Refreshing native plugins compatible for Editor in 1.21 ms, found 10 plugins.
Preloading 2 native plugins for Editor in 0.31 ms.
Unloading 2250 Unused Serialized files (Serialized files now loaded: 0)
System memory in use before: 123.5 MB.
System memory in use after: 123.7 MB.

Unloading 120 unused Assets to reduce memory usage. Loaded Objects now: 2883.
Total: 2.843400 ms (FindLiveObjects: 0.363700 ms CreateObjectMapping: 0.070100 ms MarkObjects: 2.186900 ms  DeleteObjects: 0.221500 ms)

========================================================================
Received Prepare
Registering precompiled user dll's ...
Registered in 0.013363 seconds.
Begin MonoManager ReloadAssembly
Native extension for WindowsStandalone target not found
Native extension for WebGL target not found
Refreshing native plugins compatible for Editor in 1.12 ms, found 10 plugins.
Preloading 2 native plugins for Editor in 0.25 ms.
Invoked RoslynAnalysisRunner static constructor.
RoslynAnalysisRunner will not be running.
RoslynAnalysisRunner has terminated.
Mono: successfully reloaded assembly
- Completed reload, in  1.217 seconds
Platform modules already initialized, skipping
Shader 'Oculus/OVRMRCameraFrameLit': fallback shader 'Alpha-Diffuse' not found
Refreshing native plugins compatible for Editor in 1.06 ms, found 10 plugins.
Preloading 2 native plugins for Editor in 0.27 ms.
Unloading 2250 Unused Serialized files (Serialized files now loaded: 0)
System memory in use before: 123.6 MB.
System memory in use after: 123.8 MB.

Unloading 120 unused Assets to reduce memory usage. Loaded Objects now: 2886.
Total: 3.121300 ms (FindLiveObjects: 0.430200 ms CreateObjectMapping: 0.070500 ms MarkObjects: 2.394800 ms  DeleteObjects: 0.223900 ms)

========================================================================
Received Prepare
Registering precompiled user dll's ...
Registered in 0.014271 seconds.
Begin MonoManager ReloadAssembly
Native extension for WindowsStandalone target not found
Native extension for WebGL target not found
Refreshing native plugins compatible for Editor in 1.15 ms, found 10 plugins.
Preloading 2 native plugins for Editor in 0.40 ms.
Invoked RoslynAnalysisRunner static constructor.
RoslynAnalysisRunner will not be running.
RoslynAnalysisRunner has terminated.
Mono: successfully reloaded assembly
- Completed reload, in  1.267 seconds
Platform modules already initialized, skipping
Shader 'Oculus/OVRMRCameraFrameLit': fallback shader 'Alpha-Diffuse' not found
Refreshing native plugins compatible for Editor in 1.13 ms, found 10 plugins.
Preloading 2 native plugins for Editor in 0.24 ms.
Unloading 2250 Unused Serialized files (Serialized files now loaded: 0)
System memory in use before: 123.6 MB.
System memory in use after: 123.8 MB.

Unloading 120 unused Assets to reduce memory usage. Loaded Objects now: 2889.
Total: 2.969200 ms (FindLiveObjects: 0.310700 ms CreateObjectMapping: 0.067300 ms MarkObjects: 2.365800 ms  DeleteObjects: 0.224300 ms)

========================================================================
Received Import Request.
  Time since last request: 473.890583 seconds.
  path: Assets/Scripts/Web/Email.cs
  artifactKey: Guid(6990bb4d64886ef4c9bc3fb75a1a3de2) Importer(815301076,1909f56bfc062723c751e8b465ee728b)
Start importing Assets/Scripts/Web/Email.cs using Guid(6990bb4d64886ef4c9bc3fb75a1a3de2) Importer(815301076,1909f56bfc062723c751e8b465ee728b)  -> (artifact id: '1e79e609ebf2b0688a54250591b59262') in 0.017625 seconds
  Import took 0.027358 seconds .

========================================================================
Received Prepare
Registering precompiled user dll's ...
Registered in 0.013405 seconds.
Begin MonoManager ReloadAssembly
Native extension for WindowsStandalone target not found
Native extension for WebGL target not found
Refreshing native plugins compatible for Editor in 1.13 ms, found 10 plugins.
Preloading 2 native plugins for Editor in 0.26 ms.
Invoked RoslynAnalysisRunner static constructor.
RoslynAnalysisRunner will not be running.
RoslynAnalysisRunner has terminated.
Mono: successfully reloaded assembly
- Completed reload, in  1.239 seconds
Platform modules already initialized, skipping
Shader 'Oculus/OVRMRCameraFrameLit': fallback shader 'Alpha-Diffuse' not found
Refreshing native plugins compatible for Editor in 1.08 ms, found 10 plugins.
Preloading 2 native plugins for Editor in 0.23 ms.
Unloading 2250 Unused Serialized files (Serialized files now loaded: 0)
System memory in use before: 123.6 MB.
System memory in use after: 123.8 MB.

Unloading 120 unused Assets to reduce memory usage. Loaded Objects now: 2892.
Total: 3.054300 ms (FindLiveObjects: 0.334900 ms CreateObjectMapping: 0.074200 ms MarkObjects: 2.389800 ms  DeleteObjects: 0.254100 ms)

========================================================================
Received Prepare
Registering precompiled user dll's ...
Registered in 0.014759 seconds.
Begin MonoManager ReloadAssembly
Native extension for WindowsStandalone target not found
Native extension for WebGL target not found
Refreshing native plugins compatible for Editor in 1.08 ms, found 10 plugins.
Preloading 2 native plugins for Editor in 0.26 ms.
Invoked RoslynAnalysisRunner static constructor.
RoslynAnalysisRunner will not be running.
RoslynAnalysisRunner has terminated.
Mono: successfully reloaded assembly
- Completed reload, in  1.204 seconds
Platform modules already initialized, skipping
Shader 'Oculus/OVRMRCameraFrameLit': fallback shader 'Alpha-Diffuse' not found
Refreshing native plugins compatible for Editor in 1.06 ms, found 10 plugins.
Preloading 2 native plugins for Editor in 0.23 ms.
Unloading 2268 Unused Serialized files (Serialized files now loaded: 0)
System memory in use before: 124.1 MB.
System memory in use after: 124.3 MB.

Unloading 120 unused Assets to reduce memory usage. Loaded Objects now: 2913.
Total: 2.827100 ms (FindLiveObjects: 0.317800 ms CreateObjectMapping: 0.068700 ms MarkObjects: 2.208400 ms  DeleteObjects: 0.231000 ms)

========================================================================
Received Import Request.
  Time since last request: 565.129620 seconds.
  path: Assets/VRKeys/Scenes
  artifactKey: Guid(c4a61a796a372904cbecf37e95968581) Importer(815301076,1909f56bfc062723c751e8b465ee728b)
Start importing Assets/VRKeys/Scenes using Guid(c4a61a796a372904cbecf37e95968581) Importer(815301076,1909f56bfc062723c751e8b465ee728b)  -> (artifact id: 'fb8d19565fa506f6e0811b71d073c419') in 0.014053 seconds
  Import took 0.018156 seconds .

========================================================================
Received Import Request.
  Time since last request: 0.009078 seconds.
  path: Assets/VRKeys/Scenes
  artifactKey: Guid(c4a61a796a372904cbecf37e95968581) Importer(815301076,1909f56bfc062723c751e8b465ee728b)
Start importing Assets/VRKeys/Scenes using Guid(c4a61a796a372904cbecf37e95968581) Importer(815301076,1909f56bfc062723c751e8b465ee728b)  -> (artifact id: 'fb8d19565fa506f6e0811b71d073c419') in 0.005503 seconds
  Import took 0.009486 seconds .

========================================================================
Received Import Request.
  Time since last request: 0.869319 seconds.
  path: Assets/VRKeys/Scenes/Example Scene.unity
  artifactKey: Guid(a34a374857facec4b8beb240f59fbe4f) Importer(815301076,1909f56bfc062723c751e8b465ee728b)
Start importing Assets/VRKeys/Scenes/Example Scene.unity using Guid(a34a374857facec4b8beb240f59fbe4f) Importer(815301076,1909f56bfc062723c751e8b465ee728b)  -> (artifact id: '56eee753ab7663fa114fce446da6425a') in 0.011671 seconds
  Import took 0.015764 seconds .

========================================================================
Received Prepare
Registering precompiled user dll's ...
Registered in 0.013781 seconds.
Begin MonoManager ReloadAssembly
Native extension for WindowsStandalone target not found
Native extension for WebGL target not found
Refreshing native plugins compatible for Editor in 1.11 ms, found 10 plugins.
Preloading 2 native plugins for Editor in 0.25 ms.
Invoked RoslynAnalysisRunner static constructor.
RoslynAnalysisRunner will not be running.
RoslynAnalysisRunner has terminated.
Mono: successfully reloaded assembly
- Completed reload, in  1.200 seconds
Platform modules already initialized, skipping
Shader 'Oculus/OVRMRCameraFrameLit': fallback shader 'Alpha-Diffuse' not found
Refreshing native plugins compatible for Editor in 1.04 ms, found 10 plugins.
Preloading 2 native plugins for Editor in 0.22 ms.
Unloading 2268 Unused Serialized files (Serialized files now loaded: 0)
System memory in use before: 124.0 MB.
System memory in use after: 124.2 MB.

Unloading 120 unused Assets to reduce memory usage. Loaded Objects now: 2916.
Total: 2.982500 ms (FindLiveObjects: 0.431000 ms CreateObjectMapping: 0.071400 ms MarkObjects: 2.266100 ms  DeleteObjects: 0.211700 ms)

AssetImportWorkerClient::OnTransportError - code=2 error=End of file
